<?xml version="1.0" encoding="utf-8" standalone="no"?>
<!--This file represents the results of running a test suite-->
<test-results name="D:\Software\Swarm\Web.Framework\Modulos\Core.Tests\bin\Debug\Swarm.Core.Tests.dll" total="1" errors="0" failures="0" not-run="0" inconclusive="0" ignored="0" skipped="0" invalid="0" date="2011-11-20" time="17:44:08">
  <environment nunit-version="2.5.10.11092" clr-version="2.0.50727.5448" os-version="Microsoft Windows NT 6.1.7601 Service Pack 1" platform="Win32NT" cwd="D:\Program Files\NUnit 2.5.10\bin\net-2.0" machine-name="ALEX-MARINA-PC" user="Alex-Marina" user-domain="Alex-Marina-PC" />
  <culture-info current-culture="pt-BR" current-uiculture="pt-BR" />
  <test-suite type="Assembly" name="D:\Software\Swarm\Web.Framework\Modulos\Core.Tests\bin\Debug\Swarm.Core.Tests.dll" executed="True" result="Success" success="True" time="1.300" asserts="0">
    <results>
      <test-suite type="Namespace" name="Swarm" executed="True" result="Success" success="True" time="1.300" asserts="0">
        <results>
          <test-suite type="Namespace" name="Tests" executed="True" result="Success" success="True" time="1.300" asserts="0">
            <results>
              <test-suite type="Namespace" name="Core" executed="True" result="Success" success="True" time="1.300" asserts="0">
                <results>
                  <test-suite type="TestFixture" name="PrepararAmbienteDefaultTest" executed="True" result="Success" success="True" time="1.300" asserts="0">
                    <results>
                      <test-case name="Swarm.Tests.Core.PrepararAmbienteDefaultTest.PrepararAmbientes" executed="True" result="Success" success="True" time="1.290" asserts="0" />
                    </results>
                  </test-suite>
                </results>
              </test-suite>
            </results>
          </test-suite>
        </results>
      </test-suite>
    </results>
  </test-suite>
</test-results>